<?xml version="1.0" encoding="UTF-8"?>
<!-- Generated by org.testng.reporters.JUnitReportReporter -->
<testsuite hostname="LAPTOP-PM44O2TF" failures="0" tests="1" name="Test.LumaRegtest" time="61.374" errors="0" timestamp="2023-11-08T19:15:46 IST" skipped="0">
  <testcase classname="Test.LumaRegtest" name="test" time="61.374"/>
  <system-out/>
</testsuite> <!-- Test.LumaRegtest -->
