<?xml version="1.0" encoding="UTF-8"?>
<!-- Generated by org.testng.reporters.JUnitReportReporter -->
<testsuite hostname="LAPTOP-PM44O2TF" failures="0" tests="1" name="Test.Kibilogin" time="0.026" errors="0" timestamp="2023-11-06T11:11:17 IST" skipped="0">
  <testcase classname="Test.Kibilogin" name="test" time="0.026"/>
  <system-out/>
</testsuite> <!-- Test.Kibilogin -->
