<?xml version="1.0" encoding="UTF-8"?>
<!-- Generated by org.testng.reporters.JUnitReportReporter -->
<testsuite hostname="LAPTOP-PM44O2TF" failures="0" tests="1" name="Test.KibiRegtest" time="8.733" errors="0" timestamp="2023-11-07T19:29:11 IST" skipped="0">
  <testcase classname="Test.KibiRegtest" name="test" time="8.733"/>
  <system-out/>
</testsuite> <!-- Test.KibiRegtest -->
